[01m[K/home/mohammadreza/Documents/CMU-Project/RED/catkin_ws/src/subscriber/my_subscriber.cpp:[m[K In function â€˜[01m[Kvoid imageCallback(const ImageConstPtr&)[m[Kâ€™:
[01m[K/home/mohammadreza/Documents/CMU-Project/RED/catkin_ws/src/subscriber/my_subscriber.cpp:27:3:[m[K [01;31m[Kerror: [m[Kâ€˜[01m[KPtr[m[Kâ€™ was not declared in this scope
   Ptr<SURF> detector = SURF::create( minHessian );
[01;32m[K   ^[m[K
[01m[K/home/mohammadreza/Documents/CMU-Project/RED/catkin_ws/src/subscriber/my_subscriber.cpp:27:3:[m[K [01;36m[Knote: [m[Ksuggested alternative:
In file included from [01m[K/opt/ros/kinetic/include/opencv-3.3.1/opencv2/core/base.hpp:58:0[m[K,
                 from [01m[K/opt/ros/kinetic/include/opencv-3.3.1/opencv2/core.hpp:54[m[K,
                 from [01m[K/opt/ros/kinetic/include/opencv-3.3.1/opencv2/highgui.hpp:46[m[K,
                 from [01m[K/opt/ros/kinetic/include/opencv-3.3.1/opencv2/highgui/highgui.hpp:48[m[K,
                 from [01m[K/home/mohammadreza/Documents/CMU-Project/RED/catkin_ws/src/subscriber/my_subscriber.cpp:3[m[K:
[01m[K/opt/ros/kinetic/include/opencv-3.3.1/opencv2/core/cvstd.hpp:261:8:[m[K [01;36m[Knote: [m[K  â€˜[01m[Kcv::Ptr[m[Kâ€™
 struct Ptr
[01;32m[K        ^[m[K
[01m[K/home/mohammadreza/Documents/CMU-Project/RED/catkin_ws/src/subscriber/my_subscriber.cpp:27:7:[m[K [01;31m[Kerror: [m[Kâ€˜[01m[KSURF[m[Kâ€™ was not declared in this scope
   Ptr<SURF> detector = SURF::create( minHessian );
[01;32m[K       ^[m[K
[01m[K/home/mohammadreza/Documents/CMU-Project/RED/catkin_ws/src/subscriber/my_subscriber.cpp:27:7:[m[K [01;36m[Knote: [m[Ksuggested alternative:
In file included from [01m[K/opt/ros/kinetic/include/opencv-3.3.1/opencv2/xfeatures2d.hpp:43:0[m[K,
                 from [01m[K/home/mohammadreza/Documents/CMU-Project/RED/catkin_ws/src/subscriber/my_subscriber.cpp:7[m[K:
[01m[K/opt/ros/kinetic/include/opencv-3.3.1/opencv2/xfeatures2d/nonfree.hpp:116:20:[m[K [01;36m[Knote: [m[K  â€˜[01m[Kcv::xfeatures2d::SURF[m[Kâ€™
 class CV_EXPORTS_W SURF : public Feature2D
[01;32m[K                    ^[m[K
[01m[K/home/mohammadreza/Documents/CMU-Project/RED/catkin_ws/src/subscriber/my_subscriber.cpp:27:13:[m[K [01;31m[Kerror: [m[Kâ€˜[01m[Kdetector[m[Kâ€™ was not declared in this scope
   Ptr<SURF> detector = SURF::create( minHessian );
[01;32m[K             ^[m[K
[01m[K/home/mohammadreza/Documents/CMU-Project/RED/catkin_ws/src/subscriber/my_subscriber.cpp:27:24:[m[K [01;31m[Kerror: [m[Kâ€˜[01m[KSURF[m[Kâ€™ is not a class or namespace
   Ptr<SURF> detector = SURF::create( minHessian );
[01;32m[K                        ^[m[K
[01m[K/home/mohammadreza/Documents/CMU-Project/RED/catkin_ws/src/subscriber/my_subscriber.cpp:29:15:[m[K [01;31m[Kerror: [m[Kâ€˜[01m[KKeyPoint[m[Kâ€™ was not declared in this scope
   std::vector<KeyPoint> keypoints;
[01;32m[K               ^[m[K
[01m[K/home/mohammadreza/Documents/CMU-Project/RED/catkin_ws/src/subscriber/my_subscriber.cpp:29:15:[m[K [01;36m[Knote: [m[Ksuggested alternative:
In file included from [01m[K/opt/ros/kinetic/include/opencv-3.3.1/opencv2/core.hpp:58:0[m[K,
                 from [01m[K/opt/ros/kinetic/include/opencv-3.3.1/opencv2/highgui.hpp:46[m[K,
                 from [01m[K/opt/ros/kinetic/include/opencv-3.3.1/opencv2/highgui/highgui.hpp:48[m[K,
                 from [01m[K/home/mohammadreza/Documents/CMU-Project/RED/catkin_ws/src/subscriber/my_subscriber.cpp:3[m[K:
[01m[K/opt/ros/kinetic/include/opencv-3.3.1/opencv2/core/types.hpp:707:27:[m[K [01;36m[Knote: [m[K  â€˜[01m[Kcv::KeyPoint[m[Kâ€™
 class CV_EXPORTS_W_SIMPLE KeyPoint
[01;32m[K                           ^[m[K
[01m[K/home/mohammadreza/Documents/CMU-Project/RED/catkin_ws/src/subscriber/my_subscriber.cpp:29:23:[m[K [01;31m[Kerror: [m[Ktemplate argument 1 is invalid
   std::vector<KeyPoint> keypoints;
[01;32m[K                       ^[m[K
[01m[K/home/mohammadreza/Documents/CMU-Project/RED/catkin_ws/src/subscriber/my_subscriber.cpp:29:23:[m[K [01;31m[Kerror: [m[Ktemplate argument 2 is invalid
[01m[K/home/mohammadreza/Documents/CMU-Project/RED/catkin_ws/src/subscriber/my_subscriber.cpp:33:45:[m[K [01;31m[Kerror: [m[Kâ€˜[01m[KScalar[m[Kâ€™ has not been declared
   drawKeypoints( my_img, keypoints, my_img, Scalar::all(-1), DrawMatchesFlags::DEFAULT );
[01;32m[K                                             ^[m[K
[01m[K/home/mohammadreza/Documents/CMU-Project/RED/catkin_ws/src/subscriber/my_subscriber.cpp:33:62:[m[K [01;31m[Kerror: [m[Kâ€˜[01m[KDrawMatchesFlags[m[Kâ€™ has not been declared
   drawKeypoints( my_img, keypoints, my_img, Scalar::all(-1), DrawMatchesFlags::DEFAULT );
[01;32m[K                                                              ^[m[K
make[2]: *** [CMakeFiles/my_subscriber.dir/my_subscriber.cpp.o] Error 1
make[1]: *** [CMakeFiles/my_subscriber.dir/all] Error 2
make: *** [all] Error 2
