[01m[K/home/mohammadreza/Documents/CMU-Project/RED/catkin_ws/src/subscriber/my_subscriber.cpp:[m[K In function â€˜[01m[Kvoid imageCallback(const ImageConstPtr&)[m[Kâ€™:
[01m[K/home/mohammadreza/Documents/CMU-Project/RED/catkin_ws/src/subscriber/my_subscriber.cpp:31:15:[m[K [01;31m[Kerror: [m[Kâ€˜[01m[KKeyPoint[m[Kâ€™ was not declared in this scope
   std::vector<KeyPoint> keypoints;
[01;32m[K               ^[m[K
[01m[K/home/mohammadreza/Documents/CMU-Project/RED/catkin_ws/src/subscriber/my_subscriber.cpp:31:15:[m[K [01;36m[Knote: [m[Ksuggested alternative:
In file included from [01m[K/opt/ros/kinetic/include/opencv-3.3.1/opencv2/core.hpp:58:0[m[K,
                 from [01m[K/opt/ros/kinetic/include/opencv-3.3.1/opencv2/highgui.hpp:46[m[K,
                 from [01m[K/opt/ros/kinetic/include/opencv-3.3.1/opencv2/highgui/highgui.hpp:48[m[K,
                 from [01m[K/home/mohammadreza/Documents/CMU-Project/RED/catkin_ws/src/subscriber/my_subscriber.cpp:3[m[K:
[01m[K/opt/ros/kinetic/include/opencv-3.3.1/opencv2/core/types.hpp:707:27:[m[K [01;36m[Knote: [m[K  â€˜[01m[Kcv::KeyPoint[m[Kâ€™
 class CV_EXPORTS_W_SIMPLE KeyPoint
[01;32m[K                           ^[m[K
[01m[K/home/mohammadreza/Documents/CMU-Project/RED/catkin_ws/src/subscriber/my_subscriber.cpp:31:23:[m[K [01;31m[Kerror: [m[Ktemplate argument 1 is invalid
   std::vector<KeyPoint> keypoints;
[01;32m[K                       ^[m[K
[01m[K/home/mohammadreza/Documents/CMU-Project/RED/catkin_ws/src/subscriber/my_subscriber.cpp:31:23:[m[K [01;31m[Kerror: [m[Ktemplate argument 2 is invalid
[01m[K/home/mohammadreza/Documents/CMU-Project/RED/catkin_ws/src/subscriber/my_subscriber.cpp:33:38:[m[K [01;31m[Kerror: [m[Kno matching function for call to â€˜[01m[Kcv::xfeatures2d::SURF::detect(cv::Mat&, int&)[m[Kâ€™
   detector->detect( my_img, keypoints);
[01;32m[K                                      ^[m[K
In file included from [01m[K/home/mohammadreza/Documents/CMU-Project/RED/catkin_ws/src/subscriber/my_subscriber.cpp:6:0[m[K:
[01m[K/opt/ros/kinetic/include/opencv-3.3.1/opencv2/features2d.hpp:153:26:[m[K [01;36m[Knote: [m[Kcandidate: virtual void cv::Feature2D::detect(cv::InputArray, std::vector<cv::KeyPoint>&, cv::InputArray)
     CV_WRAP virtual void detect( InputArray image,
[01;32m[K                          ^[m[K
[01m[K/opt/ros/kinetic/include/opencv-3.3.1/opencv2/features2d.hpp:153:26:[m[K [01;36m[Knote: [m[K  no known conversion for argument 2 from â€˜[01m[Kint[m[Kâ€™ to â€˜[01m[Kstd::vector<cv::KeyPoint>&[m[Kâ€™
[01m[K/opt/ros/kinetic/include/opencv-3.3.1/opencv2/features2d.hpp:164:26:[m[K [01;36m[Knote: [m[Kcandidate: virtual void cv::Feature2D::detect(cv::InputArrayOfArrays, std::vector<std::vector<cv::KeyPoint> >&, cv::InputArrayOfArrays)
     CV_WRAP virtual void detect( InputArrayOfArrays images,
[01;32m[K                          ^[m[K
[01m[K/opt/ros/kinetic/include/opencv-3.3.1/opencv2/features2d.hpp:164:26:[m[K [01;36m[Knote: [m[K  no known conversion for argument 2 from â€˜[01m[Kint[m[Kâ€™ to â€˜[01m[Kstd::vector<std::vector<cv::KeyPoint> >&[m[Kâ€™
[01m[K/home/mohammadreza/Documents/CMU-Project/RED/catkin_ws/src/subscriber/my_subscriber.cpp:35:45:[m[K [01;31m[Kerror: [m[Kâ€˜[01m[KScalar[m[Kâ€™ has not been declared
   drawKeypoints( my_img, keypoints, my_img, Scalar::all(-1), DrawMatchesFlags::DEFAULT );
[01;32m[K                                             ^[m[K
[01m[K/home/mohammadreza/Documents/CMU-Project/RED/catkin_ws/src/subscriber/my_subscriber.cpp:35:62:[m[K [01;31m[Kerror: [m[Kâ€˜[01m[KDrawMatchesFlags[m[Kâ€™ has not been declared
   drawKeypoints( my_img, keypoints, my_img, Scalar::all(-1), DrawMatchesFlags::DEFAULT );
[01;32m[K                                                              ^[m[K
make[2]: *** [CMakeFiles/my_subscriber.dir/my_subscriber.cpp.o] Error 1
make[1]: *** [CMakeFiles/my_subscriber.dir/all] Error 2
make: *** [all] Error 2
