[01m[K/home/mohammadreza/Documents/CMU-Project/RED/catkin_ws/src/subscriber/my_subscriber.cpp:[m[K In function â€˜[01m[Kvoid imageCallback(const ImageConstPtr&)[m[Kâ€™:
[01m[K/home/mohammadreza/Documents/CMU-Project/RED/catkin_ws/src/subscriber/my_subscriber.cpp:37:11:[m[K [01;31m[Kerror: [m[Kexpected â€˜[01m[K;[m[Kâ€™ before â€˜[01m[Kclose_cut[m[Kâ€™
           close_cut.at<uint16_t>(cv::Point(j, i)) = my_img.at<uint16_t>(cv::Point(j, i)); 
[01;32m[K           ^[m[K
[01m[K/home/mohammadreza/Documents/CMU-Project/RED/catkin_ws/src/subscriber/my_subscriber.cpp:39:9:[m[K [01;31m[Kerror: [m[Kâ€˜[01m[Kelse[m[Kâ€™ without a previous â€˜[01m[Kif[m[Kâ€™
         else
[01;32m[K         ^[m[K
[01m[K/home/mohammadreza/Documents/CMU-Project/RED/catkin_ws/src/subscriber/my_subscriber.cpp:41:44:[m[K [01;31m[Kerror: [m[Kname lookup of â€˜[01m[Kj[m[Kâ€™ changed for ISO â€˜[01m[Kfor[m[Kâ€™ scoping [-fpermissive]
           close_cut.at<uint16_t>(cv::Point(j, i)) = 42000;
[01;32m[K                                            ^[m[K
[01m[K/home/mohammadreza/Documents/CMU-Project/RED/catkin_ws/src/subscriber/my_subscriber.cpp:41:44:[m[K [01;36m[Knote: [m[K(if you use â€˜[01m[K-fpermissive[m[Kâ€™ G++ will accept your code)
[01m[K/home/mohammadreza/Documents/CMU-Project/RED/catkin_ws/src/subscriber/my_subscriber.cpp:46:5:[m[K [01;31m[Kerror: [m[Kexpected â€˜[01m[Kcatch[m[Kâ€™ before â€˜[01m[Kstd[m[Kâ€™
     std::cout << "min = " << min << " max = " << max << "\n";
[01;32m[K     ^[m[K
[01m[K/home/mohammadreza/Documents/CMU-Project/RED/catkin_ws/src/subscriber/my_subscriber.cpp:46:5:[m[K [01;31m[Kerror: [m[Kexpected â€˜[01m[K([m[Kâ€™ before â€˜[01m[Kstd[m[Kâ€™
[01m[K/home/mohammadreza/Documents/CMU-Project/RED/catkin_ws/src/subscriber/my_subscriber.cpp:46:10:[m[K [01;31m[Kerror: [m[Kâ€˜[01m[Kcout[m[Kâ€™ in namespace â€˜[01m[Kstd[m[Kâ€™ does not name a type
     std::cout << "min = " << min << " max = " << max << "\n";
[01;32m[K          ^[m[K
[01m[K/home/mohammadreza/Documents/CMU-Project/RED/catkin_ws/src/subscriber/my_subscriber.cpp:46:15:[m[K [01;31m[Kerror: [m[Kexpected â€˜[01m[K)[m[Kâ€™ before â€˜[01m[K<<[m[Kâ€™ token
     std::cout << "min = " << min << " max = " << max << "\n";
[01;32m[K               ^[m[K
[01m[K/home/mohammadreza/Documents/CMU-Project/RED/catkin_ws/src/subscriber/my_subscriber.cpp:46:15:[m[K [01;31m[Kerror: [m[Kexpected â€˜[01m[K{[m[Kâ€™ before â€˜[01m[K<<[m[Kâ€™ token
[01m[K/home/mohammadreza/Documents/CMU-Project/RED/catkin_ws/src/subscriber/my_subscriber.cpp:46:15:[m[K [01;31m[Kerror: [m[Kexpected primary-expression before â€˜[01m[K<<[m[Kâ€™ token
[01m[K/home/mohammadreza/Documents/CMU-Project/RED/catkin_ws/src/subscriber/my_subscriber.cpp:46:30:[m[K [01;31m[Kerror: [m[Kâ€˜[01m[Kmin[m[Kâ€™ was not declared in this scope
     std::cout << "min = " << min << " max = " << max << "\n";
[01;32m[K                              ^[m[K
[01m[K/home/mohammadreza/Documents/CMU-Project/RED/catkin_ws/src/subscriber/my_subscriber.cpp:46:30:[m[K [01;36m[Knote: [m[Ksuggested alternatives:
In file included from [01m[K/usr/include/c++/5/bits/char_traits.h:39:0[m[K,
                 from [01m[K/usr/include/c++/5/string:40[m[K,
                 from [01m[K/opt/ros/kinetic/include/ros/platform.h:55[m[K,
                 from [01m[K/opt/ros/kinetic/include/ros/time.h:53[m[K,
                 from [01m[K/opt/ros/kinetic/include/ros/ros.h:38[m[K,
                 from [01m[K/home/mohammadreza/Documents/CMU-Project/RED/catkin_ws/src/subscriber/my_subscriber.cpp:1[m[K:
[01m[K/usr/include/c++/5/bits/stl_algobase.h:243:5:[m[K [01;36m[Knote: [m[K  â€˜[01m[Kstd::min[m[Kâ€™
     min(const _Tp& __a, const _Tp& __b, _Compare __comp)
[01;32m[K     ^[m[K
In file included from [01m[K/opt/ros/kinetic/include/opencv-3.3.1/opencv2/highgui.hpp:46:0[m[K,
                 from [01m[K/opt/ros/kinetic/include/opencv-3.3.1/opencv2/highgui/highgui.hpp:48[m[K,
                 from [01m[K/home/mohammadreza/Documents/CMU-Project/RED/catkin_ws/src/subscriber/my_subscriber.cpp:3[m[K:
[01m[K/opt/ros/kinetic/include/opencv-3.3.1/opencv2/core.hpp:1428:17:[m[K [01;36m[Knote: [m[K  â€˜[01m[Kcv::min[m[Kâ€™
 CV_EXPORTS void min(const UMat& src1, const UMat& src2, UMat& dst);
[01;32m[K                 ^[m[K
[01m[K/home/mohammadreza/Documents/CMU-Project/RED/catkin_ws/src/subscriber/my_subscriber.cpp:46:50:[m[K [01;31m[Kerror: [m[Kâ€˜[01m[Kmax[m[Kâ€™ was not declared in this scope
     std::cout << "min = " << min << " max = " << max << "\n";
[01;32m[K                                                  ^[m[K
[01m[K/home/mohammadreza/Documents/CMU-Project/RED/catkin_ws/src/subscriber/my_subscriber.cpp:46:50:[m[K [01;36m[Knote: [m[Ksuggested alternatives:
In file included from [01m[K/usr/include/c++/5/bits/char_traits.h:39:0[m[K,
                 from [01m[K/usr/include/c++/5/string:40[m[K,
                 from [01m[K/opt/ros/kinetic/include/ros/platform.h:55[m[K,
                 from [01m[K/opt/ros/kinetic/include/ros/time.h:53[m[K,
                 from [01m[K/opt/ros/kinetic/include/ros/ros.h:38[m[K,
                 from [01m[K/home/mohammadreza/Documents/CMU-Project/RED/catkin_ws/src/subscriber/my_subscriber.cpp:1[m[K:
[01m[K/usr/include/c++/5/bits/stl_algobase.h:265:5:[m[K [01;36m[Knote: [m[K  â€˜[01m[Kstd::max[m[Kâ€™
     max(const _Tp& __a, const _Tp& __b, _Compare __comp)
[01;32m[K     ^[m[K
In file included from [01m[K/usr/include/boost/math/special_functions/round.hpp:13:0[m[K,
                 from [01m[K/opt/ros/kinetic/include/ros/time.h:58[m[K,
                 from [01m[K/opt/ros/kinetic/include/ros/ros.h:38[m[K,
                 from [01m[K/home/mohammadreza/Documents/CMU-Project/RED/catkin_ws/src/subscriber/my_subscriber.cpp:1[m[K:
[01m[K/usr/include/boost/math/tools/config.hpp:298:10:[m[K [01;36m[Knote: [m[K  â€˜[01m[Kboost::math::tools::max[m[Kâ€™
 inline T max BOOST_PREVENT_MACRO_SUBSTITUTION(T a, T b, T c, T d)
[01;32m[K          ^[m[K
In file included from [01m[K/opt/ros/kinetic/include/opencv-3.3.1/opencv2/highgui.hpp:46:0[m[K,
                 from [01m[K/opt/ros/kinetic/include/opencv-3.3.1/opencv2/highgui/highgui.hpp:48[m[K,
                 from [01m[K/home/mohammadreza/Documents/CMU-Project/RED/catkin_ws/src/subscriber/my_subscriber.cpp:3[m[K:
[01m[K/opt/ros/kinetic/include/opencv-3.3.1/opencv2/core.hpp:1449:17:[m[K [01;36m[Knote: [m[K  â€˜[01m[Kcv::max[m[Kâ€™
 CV_EXPORTS void max(const UMat& src1, const UMat& src2, UMat& dst);
[01;32m[K                 ^[m[K
[01m[K/home/mohammadreza/Documents/CMU-Project/RED/catkin_ws/src/subscriber/my_subscriber.cpp:47:5:[m[K [01;31m[Kerror: [m[Kâ€˜[01m[Kmy_img[m[Kâ€™ was not declared in this scope
     my_img.convertTo(my_img, CV_8U);
[01;32m[K     ^[m[K
[01m[K/home/mohammadreza/Documents/CMU-Project/RED/catkin_ws/src/subscriber/my_subscriber.cpp:50:29:[m[K [01;31m[Kerror: [m[Kâ€˜[01m[KlowThreshold[m[Kâ€™ was not declared in this scope
     cv::Canny(my_img, edge, lowThreshold, lowThreshold*3);
[01;32m[K                             ^[m[K
[01m[K/home/mohammadreza/Documents/CMU-Project/RED/catkin_ws/src/subscriber/my_subscriber.cpp:67:26:[m[K [01;31m[Kerror: [m[Kâ€˜[01m[Kclose_cut[m[Kâ€™ was not declared in this scope
       cv::imshow("edge", close_cut);
[01;32m[K                          ^[m[K
[01m[K/home/mohammadreza/Documents/CMU-Project/RED/catkin_ws/src/subscriber/my_subscriber.cpp:[m[K At global scope:
[01m[K/home/mohammadreza/Documents/CMU-Project/RED/catkin_ws/src/subscriber/my_subscriber.cpp:72:3:[m[K [01;31m[Kerror: [m[Kexpected unqualified-id before â€˜[01m[Kcatch[m[Kâ€™
   catch (cv_bridge::Exception& e)
[01;32m[K   ^[m[K
make[2]: *** [CMakeFiles/my_subscriber.dir/my_subscriber.cpp.o] Error 1
make[1]: *** [CMakeFiles/my_subscriber.dir/all] Error 2
make: *** [all] Error 2
