[01m[K/home/mohammadreza/Documents/CMU-Project/RED/catkin_ws/src/subscriber/my_subscriber.cpp:24:55:[m[K [01;31m[Kerror: [m[Kinvalid suffix "UC1" on integer constant
     cv::Mat close_cut = cv::Mat::zeros(my_img.size(), 16UC1);
[01;32m[K                                                       ^[m[K
[01m[K/home/mohammadreza/Documents/CMU-Project/RED/catkin_ws/src/subscriber/my_subscriber.cpp:25:54:[m[K [01;31m[Kerror: [m[Kinvalid suffix "UC1" on integer constant
     cv::Mat texture_ = cv::Mat::zeros(my_img.size(), 16UC1);
[01;32m[K                                                      ^[m[K
[01m[K/home/mohammadreza/Documents/CMU-Project/RED/catkin_ws/src/subscriber/my_subscriber.cpp:26:56:[m[K [01;31m[Kerror: [m[Kinvalid suffix "UC1" on integer constant
     cv::Mat medium_cut = cv::Mat::zeros(my_img.size(), 16UC1);;
[01;32m[K                                                        ^[m[K
[01m[K/home/mohammadreza/Documents/CMU-Project/RED/catkin_ws/src/subscriber/my_subscriber.cpp:[m[K In function â€˜[01m[Kvoid imageCallback(const ImageConstPtr&)[m[Kâ€™:
[01m[K/home/mohammadreza/Documents/CMU-Project/RED/catkin_ws/src/subscriber/my_subscriber.cpp:33:22:[m[K [01;31m[Kerror: [m[Kâ€˜[01m[Kuint16[m[Kâ€™ was not declared in this scope
         if(my_img.at<uint16>(cv::Point(i, j)) > 0 && my_img.at<uint16>(cv::Point(i, j)) < 200)
[01;32m[K                      ^[m[K
[01m[K/home/mohammadreza/Documents/CMU-Project/RED/catkin_ws/src/subscriber/my_subscriber.cpp:33:45:[m[K [01;31m[Kerror: [m[Kno matching function for call to â€˜[01m[Kcv::Mat::at(cv::Point)[m[Kâ€™
         if(my_img.at<uint16>(cv::Point(i, j)) > 0 && my_img.at<uint16>(cv::Point(i, j)) < 200)
[01;32m[K                                             ^[m[K
In file included from [01m[K/opt/ros/kinetic/include/opencv-3.3.1/opencv2/core.hpp:59:0[m[K,
                 from [01m[K/opt/ros/kinetic/include/opencv-3.3.1/opencv2/highgui.hpp:46[m[K,
                 from [01m[K/opt/ros/kinetic/include/opencv-3.3.1/opencv2/highgui/highgui.hpp:48[m[K,
                 from [01m[K/home/mohammadreza/Documents/CMU-Project/RED/catkin_ws/src/subscriber/my_subscriber.cpp:3[m[K:
[01m[K/opt/ros/kinetic/include/opencv-3.3.1/opencv2/core/mat.hpp:1881:33:[m[K [01;36m[Knote: [m[Kcandidate: template<class _Tp> _Tp& cv::Mat::at(int)
     template<typename _Tp> _Tp& at(int i0=0);
[01;32m[K                                 ^[m[K
[01m[K/opt/ros/kinetic/include/opencv-3.3.1/opencv2/core/mat.hpp:1881:33:[m[K [01;36m[Knote: [m[K  template argument deduction/substitution failed:
[01m[K/home/mohammadreza/Documents/CMU-Project/RED/catkin_ws/src/subscriber/my_subscriber.cpp:33:45:[m[K [01;31m[Kerror: [m[Ktemplate argument 1 is invalid
         if(my_img.at<uint16>(cv::Point(i, j)) > 0 && my_img.at<uint16>(cv::Point(i, j)) < 200)
[01;32m[K                                             ^[m[K
In file included from [01m[K/opt/ros/kinetic/include/opencv-3.3.1/opencv2/core.hpp:59:0[m[K,
                 from [01m[K/opt/ros/kinetic/include/opencv-3.3.1/opencv2/highgui.hpp:46[m[K,
                 from [01m[K/opt/ros/kinetic/include/opencv-3.3.1/opencv2/highgui/highgui.hpp:48[m[K,
                 from [01m[K/home/mohammadreza/Documents/CMU-Project/RED/catkin_ws/src/subscriber/my_subscriber.cpp:3[m[K:
[01m[K/opt/ros/kinetic/include/opencv-3.3.1/opencv2/core/mat.hpp:1885:39:[m[K [01;36m[Knote: [m[Kcandidate: template<class _Tp> const _Tp& cv::Mat::at(int) const
     template<typename _Tp> const _Tp& at(int i0=0) const;
[01;32m[K                                       ^[m[K
[01m[K/opt/ros/kinetic/include/opencv-3.3.1/opencv2/core/mat.hpp:1885:39:[m[K [01;36m[Knote: [m[K  template argument deduction/substitution failed:
[01m[K/home/mohammadreza/Documents/CMU-Project/RED/catkin_ws/src/subscriber/my_subscriber.cpp:33:45:[m[K [01;31m[Kerror: [m[Ktemplate argument 1 is invalid
         if(my_img.at<uint16>(cv::Point(i, j)) > 0 && my_img.at<uint16>(cv::Point(i, j)) < 200)
[01;32m[K                                             ^[m[K
In file included from [01m[K/opt/ros/kinetic/include/opencv-3.3.1/opencv2/core.hpp:59:0[m[K,
                 from [01m[K/opt/ros/kinetic/include/opencv-3.3.1/opencv2/highgui.hpp:46[m[K,
                 from [01m[K/opt/ros/kinetic/include/opencv-3.3.1/opencv2/highgui/highgui.hpp:48[m[K,
                 from [01m[K/home/mohammadreza/Documents/CMU-Project/RED/catkin_ws/src/subscriber/my_subscriber.cpp:3[m[K:
[01m[K/opt/ros/kinetic/include/opencv-3.3.1/opencv2/core/mat.hpp:1890:33:[m[K [01;36m[Knote: [m[Kcandidate: template<class _Tp> _Tp& cv::Mat::at(int, int)
     template<typename _Tp> _Tp& at(int row, int col);
[01;32m[K                                 ^[m[K
[01m[K/opt/ros/kinetic/include/opencv-3.3.1/opencv2/core/mat.hpp:1890:33:[m[K [01;36m[Knote: [m[K  template argument deduction/substitution failed:
[01m[K/home/mohammadreza/Documents/CMU-Project/RED/catkin_ws/src/subscriber/my_subscriber.cpp:33:45:[m[K [01;31m[Kerror: [m[Ktemplate argument 1 is invalid
         if(my_img.at<uint16>(cv::Point(i, j)) > 0 && my_img.at<uint16>(cv::Point(i, j)) < 200)
[01;32m[K                                             ^[m[K
In file included from [01m[K/opt/ros/kinetic/include/opencv-3.3.1/opencv2/core.hpp:59:0[m[K,
                 from [01m[K/opt/ros/kinetic/include/opencv-3.3.1/opencv2/highgui.hpp:46[m[K,
                 from [01m[K/opt/ros/kinetic/include/opencv-3.3.1/opencv2/highgui/highgui.hpp:48[m[K,
                 from [01m[K/home/mohammadreza/Documents/CMU-Project/RED/catkin_ws/src/subscriber/my_subscriber.cpp:3[m[K:
[01m[K/opt/ros/kinetic/include/opencv-3.3.1/opencv2/core/mat.hpp:1895:39:[m[K [01;36m[Knote: [m[Kcandidate: template<class _Tp> const _Tp& cv::Mat::at(int, int) const
     template<typename _Tp> const _Tp& at(int row, int col) const;
[01;32m[K                                       ^[m[K
[01m[K/opt/ros/kinetic/include/opencv-3.3.1/opencv2/core/mat.hpp:1895:39:[m[K [01;36m[Knote: [m[K  template argument deduction/substitution failed:
[01m[K/home/mohammadreza/Documents/CMU-Project/RED/catkin_ws/src/subscriber/my_subscriber.cpp:33:45:[m[K [01;31m[Kerror: [m[Ktemplate argument 1 is invalid
         if(my_img.at<uint16>(cv::Point(i, j)) > 0 && my_img.at<uint16>(cv::Point(i, j)) < 200)
[01;32m[K                                             ^[m[K
In file included from [01m[K/opt/ros/kinetic/include/opencv-3.3.1/opencv2/core.hpp:59:0[m[K,
                 from [01m[K/opt/ros/kinetic/include/opencv-3.3.1/opencv2/highgui.hpp:46[m[K,
                 from [01m[K/opt/ros/kinetic/include/opencv-3.3.1/opencv2/highgui/highgui.hpp:48[m[K,
                 from [01m[K/home/mohammadreza/Documents/CMU-Project/RED/catkin_ws/src/subscriber/my_subscriber.cpp:3[m[K:
[01m[K/opt/ros/kinetic/include/opencv-3.3.1/opencv2/core/mat.hpp:1902:33:[m[K [01;36m[Knote: [m[Kcandidate: template<class _Tp> _Tp& cv::Mat::at(int, int, int)
     template<typename _Tp> _Tp& at(int i0, int i1, int i2);
[01;32m[K                                 ^[m[K
[01m[K/opt/ros/kinetic/include/opencv-3.3.1/opencv2/core/mat.hpp:1902:33:[m[K [01;36m[Knote: [m[K  template argument deduction/substitution failed:
[01m[K/home/mohammadreza/Documents/CMU-Project/RED/catkin_ws/src/subscriber/my_subscriber.cpp:33:45:[m[K [01;31m[Kerror: [m[Ktemplate argument 1 is invalid
         if(my_img.at<uint16>(cv::Point(i, j)) > 0 && my_img.at<uint16>(cv::Point(i, j)) < 200)
[01;32m[K                                             ^[m[K
In file included from [01m[K/opt/ros/kinetic/include/opencv-3.3.1/opencv2/core.hpp:59:0[m[K,
                 from [01m[K/opt/ros/kinetic/include/opencv-3.3.1/opencv2/highgui.hpp:46[m[K,
                 from [01m[K/opt/ros/kinetic/include/opencv-3.3.1/opencv2/highgui/highgui.hpp:48[m[K,
                 from [01m[K/home/mohammadreza/Documents/CMU-Project/RED/catkin_ws/src/subscriber/my_subscriber.cpp:3[m[K:
[01m[K/opt/ros/kinetic/include/opencv-3.3.1/opencv2/core/mat.hpp:1908:39:[m[K [01;36m[Knote: [m[Kcandidate: template<class _Tp> const _Tp& cv::Mat::at(int, int, int) const
     template<typename _Tp> const _Tp& at(int i0, int i1, int i2) const;
[01;32m[K                                       ^[m[K
[01m[K/opt/ros/kinetic/include/opencv-3.3.1/opencv2/core/mat.hpp:1908:39:[m[K [01;36m[Knote: [m[K  template argument deduction/substitution failed:
[01m[K/home/mohammadreza/Documents/CMU-Project/RED/catkin_ws/src/subscriber/my_subscriber.cpp:33:45:[m[K [01;31m[Kerror: [m[Ktemplate argument 1 is invalid
         if(my_img.at<uint16>(cv::Point(i, j)) > 0 && my_img.at<uint16>(cv::Point(i, j)) < 200)
[01;32m[K                                             ^[m[K
In file included from [01m[K/opt/ros/kinetic/include/opencv-3.3.1/opencv2/core.hpp:59:0[m[K,
                 from [01m[K/opt/ros/kinetic/include/opencv-3.3.1/opencv2/highgui.hpp:46[m[K,
                 from [01m[K/opt/ros/kinetic/include/opencv-3.3.1/opencv2/highgui/highgui.hpp:48[m[K,
                 from [01m[K/home/mohammadreza/Documents/CMU-Project/RED/catkin_ws/src/subscriber/my_subscriber.cpp:3[m[K:
[01m[K/opt/ros/kinetic/include/opencv-3.3.1/opencv2/core/mat.hpp:1913:33:[m[K [01;36m[Knote: [m[Kcandidate: template<class _Tp> _Tp& cv::Mat::at(const int*)
     template<typename _Tp> _Tp& at(const int* idx);
[01;32m[K                                 ^[m[K
[01m[K/opt/ros/kinetic/include/opencv-3.3.1/opencv2/core/mat.hpp:1913:33:[m[K [01;36m[Knote: [m[K  template argument deduction/substitution failed:
[01m[K/home/mohammadreza/Documents/CMU-Project/RED/catkin_ws/src/subscriber/my_subscriber.cpp:33:45:[m[K [01;31m[Kerror: [m[Ktemplate argument 1 is invalid
         if(my_img.at<uint16>(cv::Point(i, j)) > 0 && my_img.at<uint16>(cv::Point(i, j)) < 200)
[01;32m[K                                             ^[m[K
In file included from [01m[K/opt/ros/kinetic/include/opencv-3.3.1/opencv2/core.hpp:59:0[m[K,
                 from [01m[K/opt/ros/kinetic/include/opencv-3.3.1/opencv2/highgui.hpp:46[m[K,
                 from [01m[K/opt/ros/kinetic/include/opencv-3.3.1/opencv2/highgui/highgui.hpp:48[m[K,
                 from [01m[K/home/mohammadreza/Documents/CMU-Project/RED/catkin_ws/src/subscriber/my_subscriber.cpp:3[m[K:
[01m[K/opt/ros/kinetic/include/opencv-3.3.1/opencv2/core/mat.hpp:1917:39:[m[K [01;36m[Knote: [m[Kcandidate: template<class _Tp> const _Tp& cv::Mat::at(const int*) const
     template<typename _Tp> const _Tp& at(const int* idx) const;
[01;32m[K                                       ^[m[K
[01m[K/opt/ros/kinetic/include/opencv-3.3.1/opencv2/core/mat.hpp:1917:39:[m[K [01;36m[Knote: [m[K  template argument deduction/substitution failed:
[01m[K/home/mohammadreza/Documents/CMU-Project/RED/catkin_ws/src/subscriber/my_subscriber.cpp:33:45:[m[K [01;31m[Kerror: [m[Ktemplate argument 1 is invalid
         if(my_img.at<uint16>(cv::Point(i, j)) > 0 && my_img.at<uint16>(cv::Point(i, j)) < 200)
[01;32m[K                                             ^[m[K
In file included from [01m[K/opt/ros/kinetic/include/opencv-3.3.1/opencv2/core.hpp:59:0[m[K,
                 from [01m[K/opt/ros/kinetic/include/opencv-3.3.1/opencv2/highgui.hpp:46[m[K,
                 from [01m[K/opt/ros/kinetic/include/opencv-3.3.1/opencv2/highgui/highgui.hpp:48[m[K,
                 from [01m[K/home/mohammadreza/Documents/CMU-Project/RED/catkin_ws/src/subscriber/my_subscriber.cpp:3[m[K:
[01m[K/opt/ros/kinetic/include/opencv-3.3.1/opencv2/core/mat.hpp:1920:40:[m[K [01;36m[Knote: [m[Kcandidate: template<class _Tp, int n> _Tp& cv::Mat::at(const cv::Vec<int, n>&)
     template<typename _Tp, int n> _Tp& at(const Vec<int, n>& idx);
[01;32m[K                                        ^[m[K
[01m[K/opt/ros/kinetic/include/opencv-3.3.1/opencv2/core/mat.hpp:1920:40:[m[K [01;36m[Knote: [m[K  template argument deduction/substitution failed:
[01m[K/home/mohammadreza/Documents/CMU-Project/RED/catkin_ws/src/subscriber/my_subscriber.cpp:33:45:[m[K [01;31m[Kerror: [m[Ktemplate argument 1 is invalid
         if(my_img.at<uint16>(cv::Point(i, j)) > 0 && my_img.at<uint16>(cv::Point(i, j)) < 200)
[01;32m[K                                             ^[m[K
In file included from [01m[K/opt/ros/kinetic/include/opencv-3.3.1/opencv2/core.hpp:59:0[m[K,
                 from [01m[K/opt/ros/kinetic/include/opencv-3.3.1/opencv2/highgui.hpp:46[m[K,
                 from [01m[K/opt/ros/kinetic/include/opencv-3.3.1/opencv2/highgui/highgui.hpp:48[m[K,
                 from [01m[K/home/mohammadreza/Documents/CMU-Project/RED/catkin_ws/src/subscriber/my_subscriber.cpp:3[m[K:
[01m[K/opt/ros/kinetic/include/opencv-3.3.1/opencv2/core/mat.hpp:1922:46:[m[K [01;36m[Knote: [m[Kcandidate: template<class _Tp, int n> const _Tp& cv::Mat::at(const cv::Vec<int, n>&) const
     template<typename _Tp, int n> const _Tp& at(const Vec<int, n>& idx) const;
[01;32m[K                                              ^[m[K
[01m[K/opt/ros/kinetic/include/opencv-3.3.1/opencv2/core/mat.hpp:1922:46:[m[K [01;36m[Knote: [m[K  template argument deduction/substitution failed:
[01m[K/home/mohammadreza/Documents/CMU-Project/RED/catkin_ws/src/subscriber/my_subscriber.cpp:33:45:[m[K [01;31m[Kerror: [m[Ktemplate argument 1 is invalid
         if(my_img.at<uint16>(cv::Point(i, j)) > 0 && my_img.at<uint16>(cv::Point(i, j)) < 200)
[01;32m[K                                             ^[m[K
In file included from [01m[K/opt/ros/kinetic/include/opencv-3.3.1/opencv2/core.hpp:59:0[m[K,
                 from [01m[K/opt/ros/kinetic/include/opencv-3.3.1/opencv2/highgui.hpp:46[m[K,
                 from [01m[K/opt/ros/kinetic/include/opencv-3.3.1/opencv2/highgui/highgui.hpp:48[m[K,
                 from [01m[K/home/mohammadreza/Documents/CMU-Project/RED/catkin_ws/src/subscriber/my_subscriber.cpp:3[m[K:
[01m[K/opt/ros/kinetic/include/opencv-3.3.1/opencv2/core/mat.hpp:1928:33:[m[K [01;36m[Knote: [m[Kcandidate: template<class _Tp> _Tp& cv::Mat::at(cv::Point)
     template<typename _Tp> _Tp& at(Point pt);
[01;32m[K                                 ^[m[K
[01m[K/opt/ros/kinetic/include/opencv-3.3.1/opencv2/core/mat.hpp:1928:33:[m[K [01;36m[Knote: [m[K  template argument deduction/substitution failed:
[01m[K/home/mohammadreza/Documents/CMU-Project/RED/catkin_ws/src/subscriber/my_subscriber.cpp:33:45:[m[K [01;31m[Kerror: [m[Ktemplate argument 1 is invalid
         if(my_img.at<uint16>(cv::Point(i, j)) > 0 && my_img.at<uint16>(cv::Point(i, j)) < 200)
[01;32m[K                                             ^[m[K
In file included from [01m[K/opt/ros/kinetic/include/opencv-3.3.1/opencv2/core.hpp:59:0[m[K,
                 from [01m[K/opt/ros/kinetic/include/opencv-3.3.1/opencv2/highgui.hpp:46[m[K,
                 from [01m[K/opt/ros/kinetic/include/opencv-3.3.1/opencv2/highgui/highgui.hpp:48[m[K,
                 from [01m[K/home/mohammadreza/Documents/CMU-Project/RED/catkin_ws/src/subscriber/my_subscriber.cpp:3[m[K:
[01m[K/opt/ros/kinetic/include/opencv-3.3.1/opencv2/core/mat.hpp:1933:39:[m[K [01;36m[Knote: [m[Kcandidate: template<class _Tp> const _Tp& cv::Mat::at(cv::Point) const
     template<typename _Tp> const _Tp& at(Point pt) const;
[01;32m[K                                       ^[m[K
[01m[K/opt/ros/kinetic/include/opencv-3.3.1/opencv2/core/mat.hpp:1933:39:[m[K [01;36m[Knote: [m[K  template argument deduction/substitution failed:
[01m[K/home/mohammadreza/Documents/CMU-Project/RED/catkin_ws/src/subscriber/my_subscriber.cpp:33:45:[m[K [01;31m[Kerror: [m[Ktemplate argument 1 is invalid
         if(my_img.at<uint16>(cv::Point(i, j)) > 0 && my_img.at<uint16>(cv::Point(i, j)) < 200)
[01;32m[K                                             ^[m[K
[01m[K/home/mohammadreza/Documents/CMU-Project/RED/catkin_ws/src/subscriber/my_subscriber.cpp:33:87:[m[K [01;31m[Kerror: [m[Kno matching function for call to â€˜[01m[Kcv::Mat::at(cv::Point)[m[Kâ€™
         if(my_img.at<uint16>(cv::Point(i, j)) > 0 && my_img.at<uint16>(cv::Point(i, j)) < 200)
[01;32m[K                                                                                       ^[m[K
In file included from [01m[K/opt/ros/kinetic/include/opencv-3.3.1/opencv2/core.hpp:59:0[m[K,
                 from [01m[K/opt/ros/kinetic/include/opencv-3.3.1/opencv2/highgui.hpp:46[m[K,
                 from [01m[K/opt/ros/kinetic/include/opencv-3.3.1/opencv2/highgui/highgui.hpp:48[m[K,
                 from [01m[K/home/mohammadreza/Documents/CMU-Project/RED/catkin_ws/src/subscriber/my_subscriber.cpp:3[m[K:
[01m[K/opt/ros/kinetic/include/opencv-3.3.1/opencv2/core/mat.hpp:1881:33:[m[K [01;36m[Knote: [m[Kcandidate: template<class _Tp> _Tp& cv::Mat::at(int)
     template<typename _Tp> _Tp& at(int i0=0);
[01;32m[K                                 ^[m[K
[01m[K/opt/ros/kinetic/include/opencv-3.3.1/opencv2/core/mat.hpp:1881:33:[m[K [01;36m[Knote: [m[K  template argument deduction/substitution failed:
[01m[K/opt/ros/kinetic/include/opencv-3.3.1/opencv2/core/mat.hpp:1885:39:[m[K [01;36m[Knote: [m[Kcandidate: template<class _Tp> const _Tp& cv::Mat::at(int) const
     template<typename _Tp> const _Tp& at(int i0=0) const;
[01;32m[K                                       ^[m[K
[01m[K/opt/ros/kinetic/include/opencv-3.3.1/opencv2/core/mat.hpp:1885:39:[m[K [01;36m[Knote: [m[K  template argument deduction/substitution failed:
[01m[K/opt/ros/kinetic/include/opencv-3.3.1/opencv2/core/mat.hpp:1890:33:[m[K [01;36m[Knote: [m[Kcandidate: template<class _Tp> _Tp& cv::Mat::at(int, int)
     template<typename _Tp> _Tp& at(int row, int col);
[01;32m[K                                 ^[m[K
[01m[K/opt/ros/kinetic/include/opencv-3.3.1/opencv2/core/mat.hpp:1890:33:[m[K [01;36m[Knote: [m[K  template argument deduction/substitution failed:
[01m[K/opt/ros/kinetic/include/opencv-3.3.1/opencv2/core/mat.hpp:1895:39:[m[K [01;36m[Knote: [m[Kcandidate: template<class _Tp> const _Tp& cv::Mat::at(int, int) const
     template<typename _Tp> const _Tp& at(int row, int col) const;
[01;32m[K                                       ^[m[K
[01m[K/opt/ros/kinetic/include/opencv-3.3.1/opencv2/core/mat.hpp:1895:39:[m[K [01;36m[Knote: [m[K  template argument deduction/substitution failed:
[01m[K/opt/ros/kinetic/include/opencv-3.3.1/opencv2/core/mat.hpp:1902:33:[m[K [01;36m[Knote: [m[Kcandidate: template<class _Tp> _Tp& cv::Mat::at(int, int, int)
     template<typename _Tp> _Tp& at(int i0, int i1, int i2);
[01;32m[K                                 ^[m[K
[01m[K/opt/ros/kinetic/include/opencv-3.3.1/opencv2/core/mat.hpp:1902:33:[m[K [01;36m[Knote: [m[K  template argument deduction/substitution failed:
[01m[K/opt/ros/kinetic/include/opencv-3.3.1/opencv2/core/mat.hpp:1908:39:[m[K [01;36m[Knote: [m[Kcandidate: template<class _Tp> const _Tp& cv::Mat::at(int, int, int) const
     template<typename _Tp> const _Tp& at(int i0, int i1, int i2) const;
[01;32m[K                                       ^[m[K
[01m[K/opt/ros/kinetic/include/opencv-3.3.1/opencv2/core/mat.hpp:1908:39:[m[K [01;36m[Knote: [m[K  template argument deduction/substitution failed:
[01m[K/opt/ros/kinetic/include/opencv-3.3.1/opencv2/core/mat.hpp:1913:33:[m[K [01;36m[Knote: [m[Kcandidate: template<class _Tp> _Tp& cv::Mat::at(const int*)
     template<typename _Tp> _Tp& at(const int* idx);
[01;32m[K                                 ^[m[K
[01m[K/opt/ros/kinetic/include/opencv-3.3.1/opencv2/core/mat.hpp:1913:33:[m[K [01;36m[Knote: [m[K  template argument deduction/substitution failed:
[01m[K/opt/ros/kinetic/include/opencv-3.3.1/opencv2/core/mat.hpp:1917:39:[m[K [01;36m[Knote: [m[Kcandidate: template<class _Tp> const _Tp& cv::Mat::at(const int*) const
     template<typename _Tp> const _Tp& at(const int* idx) const;
[01;32m[K                                       ^[m[K
[01m[K/opt/ros/kinetic/include/opencv-3.3.1/opencv2/core/mat.hpp:1917:39:[m[K [01;36m[Knote: [m[K  template argument deduction/substitution failed:
[01m[K/opt/ros/kinetic/include/opencv-3.3.1/opencv2/core/mat.hpp:1920:40:[m[K [01;36m[Knote: [m[Kcandidate: template<class _Tp, int n> _Tp& cv::Mat::at(const cv::Vec<int, n>&)
     template<typename _Tp, int n> _Tp& at(const Vec<int, n>& idx);
[01;32m[K                                        ^[m[K
[01m[K/opt/ros/kinetic/include/opencv-3.3.1/opencv2/core/mat.hpp:1920:40:[m[K [01;36m[Knote: [m[K  template argument deduction/substitution failed:
[01m[K/opt/ros/kinetic/include/opencv-3.3.1/opencv2/core/mat.hpp:1922:46:[m[K [01;36m[Knote: [m[Kcandidate: template<class _Tp, int n> const _Tp& cv::Mat::at(const cv::Vec<int, n>&) const
     template<typename _Tp, int n> const _Tp& at(const Vec<int, n>& idx) const;
[01;32m[K                                              ^[m[K
[01m[K/opt/ros/kinetic/include/opencv-3.3.1/opencv2/core/mat.hpp:1922:46:[m[K [01;36m[Knote: [m[K  template argument deduction/substitution failed:
[01m[K/opt/ros/kinetic/include/opencv-3.3.1/opencv2/core/mat.hpp:1928:33:[m[K [01;36m[Knote: [m[Kcandidate: template<class _Tp> _Tp& cv::Mat::at(cv::Point)
     template<typename _Tp> _Tp& at(Point pt);
[01;32m[K                                 ^[m[K
[01m[K/opt/ros/kinetic/include/opencv-3.3.1/opencv2/core/mat.hpp:1928:33:[m[K [01;36m[Knote: [m[K  template argument deduction/substitution failed:
[01m[K/opt/ros/kinetic/include/opencv-3.3.1/opencv2/core/mat.hpp:1933:39:[m[K [01;36m[Knote: [m[Kcandidate: template<class _Tp> const _Tp& cv::Mat::at(cv::Point) const
     template<typename _Tp> const _Tp& at(Point pt) const;
[01;32m[K                                       ^[m[K
[01m[K/opt/ros/kinetic/include/opencv-3.3.1/opencv2/core/mat.hpp:1933:39:[m[K [01;36m[Knote: [m[K  template argument deduction/substitution failed:
[01m[K/home/mohammadreza/Documents/CMU-Project/RED/catkin_ws/src/subscriber/my_subscriber.cpp:35:47:[m[K [01;31m[Kerror: [m[Kno matching function for call to â€˜[01m[Kcv::Mat::at(cv::Point)[m[Kâ€™
           close_cut.at<uint16>(cv::Point(i, j)) = my_img.at<uint16>(cv::Point(i, j)) 
[01;32m[K                                               ^[m[K
In file included from [01m[K/opt/ros/kinetic/include/opencv-3.3.1/opencv2/core.hpp:59:0[m[K,
                 from [01m[K/opt/ros/kinetic/include/opencv-3.3.1/opencv2/highgui.hpp:46[m[K,
                 from [01m[K/opt/ros/kinetic/include/opencv-3.3.1/opencv2/highgui/highgui.hpp:48[m[K,
                 from [01m[K/home/mohammadreza/Documents/CMU-Project/RED/catkin_ws/src/subscriber/my_subscriber.cpp:3[m[K:
[01m[K/opt/ros/kinetic/include/opencv-3.3.1/opencv2/core/mat.hpp:1881:33:[m[K [01;36m[Knote: [m[Kcandidate: template<class _Tp> _Tp& cv::Mat::at(int)
     template<typename _Tp> _Tp& at(int i0=0);
[01;32m[K                                 ^[m[K
[01m[K/opt/ros/kinetic/include/opencv-3.3.1/opencv2/core/mat.hpp:1881:33:[m[K [01;36m[Knote: [m[K  template argument deduction/substitution failed:
[01m[K/opt/ros/kinetic/include/opencv-3.3.1/opencv2/core/mat.hpp:1885:39:[m[K [01;36m[Knote: [m[Kcandidate: template<class _Tp> const _Tp& cv::Mat::at(int) const
     template<typename _Tp> const _Tp& at(int i0=0) const;
[01;32m[K                                       ^[m[K
[01m[K/opt/ros/kinetic/include/opencv-3.3.1/opencv2/core/mat.hpp:1885:39:[m[K [01;36m[Knote: [m[K  template argument deduction/substitution failed:
[01m[K/opt/ros/kinetic/include/opencv-3.3.1/opencv2/core/mat.hpp:1890:33:[m[K [01;36m[Knote: [m[Kcandidate: template<class _Tp> _Tp& cv::Mat::at(int, int)
     template<typename _Tp> _Tp& at(int row, int col);
[01;32m[K                                 ^[m[K
[01m[K/opt/ros/kinetic/include/opencv-3.3.1/opencv2/core/mat.hpp:1890:33:[m[K [01;36m[Knote: [m[K  template argument deduction/substitution failed:
[01m[K/opt/ros/kinetic/include/opencv-3.3.1/opencv2/core/mat.hpp:1895:39:[m[K [01;36m[Knote: [m[Kcandidate: template<class _Tp> const _Tp& cv::Mat::at(int, int) const
     template<typename _Tp> const _Tp& at(int row, int col) const;
[01;32m[K                                       ^[m[K
[01m[K/opt/ros/kinetic/include/opencv-3.3.1/opencv2/core/mat.hpp:1895:39:[m[K [01;36m[Knote: [m[K  template argument deduction/substitution failed:
[01m[K/opt/ros/kinetic/include/opencv-3.3.1/opencv2/core/mat.hpp:1902:33:[m[K [01;36m[Knote: [m[Kcandidate: template<class _Tp> _Tp& cv::Mat::at(int, int, int)
     template<typename _Tp> _Tp& at(int i0, int i1, int i2);
[01;32m[K                                 ^[m[K
[01m[K/opt/ros/kinetic/include/opencv-3.3.1/opencv2/core/mat.hpp:1902:33:[m[K [01;36m[Knote: [m[K  template argument deduction/substitution failed:
[01m[K/opt/ros/kinetic/include/opencv-3.3.1/opencv2/core/mat.hpp:1908:39:[m[K [01;36m[Knote: [m[Kcandidate: template<class _Tp> const _Tp& cv::Mat::at(int, int, int) const
     template<typename _Tp> const _Tp& at(int i0, int i1, int i2) const;
[01;32m[K                                       ^[m[K
[01m[K/opt/ros/kinetic/include/opencv-3.3.1/opencv2/core/mat.hpp:1908:39:[m[K [01;36m[Knote: [m[K  template argument deduction/substitution failed:
[01m[K/opt/ros/kinetic/include/opencv-3.3.1/opencv2/core/mat.hpp:1913:33:[m[K [01;36m[Knote: [m[Kcandidate: template<class _Tp> _Tp& cv::Mat::at(const int*)
     template<typename _Tp> _Tp& at(const int* idx);
[01;32m[K                                 ^[m[K
[01m[K/opt/ros/kinetic/include/opencv-3.3.1/opencv2/core/mat.hpp:1913:33:[m[K [01;36m[Knote: [m[K  template argument deduction/substitution failed:
[01m[K/opt/ros/kinetic/include/opencv-3.3.1/opencv2/core/mat.hpp:1917:39:[m[K [01;36m[Knote: [m[Kcandidate: template<class _Tp> const _Tp& cv::Mat::at(const int*) const
     template<typename _Tp> const _Tp& at(const int* idx) const;
[01;32m[K                                       ^[m[K
[01m[K/opt/ros/kinetic/include/opencv-3.3.1/opencv2/core/mat.hpp:1917:39:[m[K [01;36m[Knote: [m[K  template argument deduction/substitution failed:
[01m[K/opt/ros/kinetic/include/opencv-3.3.1/opencv2/core/mat.hpp:1920:40:[m[K [01;36m[Knote: [m[Kcandidate: template<class _Tp, int n> _Tp& cv::Mat::at(const cv::Vec<int, n>&)
     template<typename _Tp, int n> _Tp& at(const Vec<int, n>& idx);
[01;32m[K                                        ^[m[K
[01m[K/opt/ros/kinetic/include/opencv-3.3.1/opencv2/core/mat.hpp:1920:40:[m[K [01;36m[Knote: [m[K  template argument deduction/substitution failed:
[01m[K/opt/ros/kinetic/include/opencv-3.3.1/opencv2/core/mat.hpp:1922:46:[m[K [01;36m[Knote: [m[Kcandidate: template<class _Tp, int n> const _Tp& cv::Mat::at(const cv::Vec<int, n>&) const
     template<typename _Tp, int n> const _Tp& at(const Vec<int, n>& idx) const;
[01;32m[K                                              ^[m[K
[01m[K/opt/ros/kinetic/include/opencv-3.3.1/opencv2/core/mat.hpp:1922:46:[m[K [01;36m[Knote: [m[K  template argument deduction/substitution failed:
[01m[K/opt/ros/kinetic/include/opencv-3.3.1/opencv2/core/mat.hpp:1928:33:[m[K [01;36m[Knote: [m[Kcandidate: template<class _Tp> _Tp& cv::Mat::at(cv::Point)
     template<typename _Tp> _Tp& at(Point pt);
[01;32m[K                                 ^[m[K
[01m[K/opt/ros/kinetic/include/opencv-3.3.1/opencv2/core/mat.hpp:1928:33:[m[K [01;36m[Knote: [m[K  template argument deduction/substitution failed:
[01m[K/opt/ros/kinetic/include/opencv-3.3.1/opencv2/core/mat.hpp:1933:39:[m[K [01;36m[Knote: [m[Kcandidate: template<class _Tp> const _Tp& cv::Mat::at(cv::Point) const
     template<typename _Tp> const _Tp& at(Point pt) const;
[01;32m[K                                       ^[m[K
[01m[K/opt/ros/kinetic/include/opencv-3.3.1/opencv2/core/mat.hpp:1933:39:[m[K [01;36m[Knote: [m[K  template argument deduction/substitution failed:
[01m[K/home/mohammadreza/Documents/CMU-Project/RED/catkin_ws/src/subscriber/my_subscriber.cpp:35:84:[m[K [01;31m[Kerror: [m[Kno matching function for call to â€˜[01m[Kcv::Mat::at(cv::Point)[m[Kâ€™
           close_cut.at<uint16>(cv::Point(i, j)) = my_img.at<uint16>(cv::Point(i, j)) 
[01;32m[K                                                                                    ^[m[K
In file included from [01m[K/opt/ros/kinetic/include/opencv-3.3.1/opencv2/core.hpp:59:0[m[K,
                 from [01m[K/opt/ros/kinetic/include/opencv-3.3.1/opencv2/highgui.hpp:46[m[K,
                 from [01m[K/opt/ros/kinetic/include/opencv-3.3.1/opencv2/highgui/highgui.hpp:48[m[K,
                 from [01m[K/home/mohammadreza/Documents/CMU-Project/RED/catkin_ws/src/subscriber/my_subscriber.cpp:3[m[K:
[01m[K/opt/ros/kinetic/include/opencv-3.3.1/opencv2/core/mat.hpp:1881:33:[m[K [01;36m[Knote: [m[Kcandidate: template<class _Tp> _Tp& cv::Mat::at(int)
     template<typename _Tp> _Tp& at(int i0=0);
[01;32m[K                                 ^[m[K
[01m[K/opt/ros/kinetic/include/opencv-3.3.1/opencv2/core/mat.hpp:1881:33:[m[K [01;36m[Knote: [m[K  template argument deduction/substitution failed:
[01m[K/opt/ros/kinetic/include/opencv-3.3.1/opencv2/core/mat.hpp:1885:39:[m[K [01;36m[Knote: [m[Kcandidate: template<class _Tp> const _Tp& cv::Mat::at(int) const
     template<typename _Tp> const _Tp& at(int i0=0) const;
[01;32m[K                                       ^[m[K
[01m[K/opt/ros/kinetic/include/opencv-3.3.1/opencv2/core/mat.hpp:1885:39:[m[K [01;36m[Knote: [m[K  template argument deduction/substitution failed:
[01m[K/opt/ros/kinetic/include/opencv-3.3.1/opencv2/core/mat.hpp:1890:33:[m[K [01;36m[Knote: [m[Kcandidate: template<class _Tp> _Tp& cv::Mat::at(int, int)
     template<typename _Tp> _Tp& at(int row, int col);
[01;32m[K                                 ^[m[K
[01m[K/opt/ros/kinetic/include/opencv-3.3.1/opencv2/core/mat.hpp:1890:33:[m[K [01;36m[Knote: [m[K  template argument deduction/substitution failed:
[01m[K/opt/ros/kinetic/include/opencv-3.3.1/opencv2/core/mat.hpp:1895:39:[m[K [01;36m[Knote: [m[Kcandidate: template<class _Tp> const _Tp& cv::Mat::at(int, int) const
     template<typename _Tp> const _Tp& at(int row, int col) const;
[01;32m[K                                       ^[m[K
[01m[K/opt/ros/kinetic/include/opencv-3.3.1/opencv2/core/mat.hpp:1895:39:[m[K [01;36m[Knote: [m[K  template argument deduction/substitution failed:
[01m[K/opt/ros/kinetic/include/opencv-3.3.1/opencv2/core/mat.hpp:1902:33:[m[K [01;36m[Knote: [m[Kcandidate: template<class _Tp> _Tp& cv::Mat::at(int, int, int)
     template<typename _Tp> _Tp& at(int i0, int i1, int i2);
[01;32m[K                                 ^[m[K
[01m[K/opt/ros/kinetic/include/opencv-3.3.1/opencv2/core/mat.hpp:1902:33:[m[K [01;36m[Knote: [m[K  template argument deduction/substitution failed:
[01m[K/opt/ros/kinetic/include/opencv-3.3.1/opencv2/core/mat.hpp:1908:39:[m[K [01;36m[Knote: [m[Kcandidate: template<class _Tp> const _Tp& cv::Mat::at(int, int, int) const
     template<typename _Tp> const _Tp& at(int i0, int i1, int i2) const;
[01;32m[K                                       ^[m[K
[01m[K/opt/ros/kinetic/include/opencv-3.3.1/opencv2/core/mat.hpp:1908:39:[m[K [01;36m[Knote: [m[K  template argument deduction/substitution failed:
[01m[K/opt/ros/kinetic/include/opencv-3.3.1/opencv2/core/mat.hpp:1913:33:[m[K [01;36m[Knote: [m[Kcandidate: template<class _Tp> _Tp& cv::Mat::at(const int*)
     template<typename _Tp> _Tp& at(const int* idx);
[01;32m[K                                 ^[m[K
[01m[K/opt/ros/kinetic/include/opencv-3.3.1/opencv2/core/mat.hpp:1913:33:[m[K [01;36m[Knote: [m[K  template argument deduction/substitution failed:
[01m[K/opt/ros/kinetic/include/opencv-3.3.1/opencv2/core/mat.hpp:1917:39:[m[K [01;36m[Knote: [m[Kcandidate: template<class _Tp> const _Tp& cv::Mat::at(const int*) const
     template<typename _Tp> const _Tp& at(const int* idx) const;
[01;32m[K                                       ^[m[K
[01m[K/opt/ros/kinetic/include/opencv-3.3.1/opencv2/core/mat.hpp:1917:39:[m[K [01;36m[Knote: [m[K  template argument deduction/substitution failed:
[01m[K/opt/ros/kinetic/include/opencv-3.3.1/opencv2/core/mat.hpp:1920:40:[m[K [01;36m[Knote: [m[Kcandidate: template<class _Tp, int n> _Tp& cv::Mat::at(const cv::Vec<int, n>&)
     template<typename _Tp, int n> _Tp& at(const Vec<int, n>& idx);
[01;32m[K                                        ^[m[K
[01m[K/opt/ros/kinetic/include/opencv-3.3.1/opencv2/core/mat.hpp:1920:40:[m[K [01;36m[Knote: [m[K  template argument deduction/substitution failed:
[01m[K/opt/ros/kinetic/include/opencv-3.3.1/opencv2/core/mat.hpp:1922:46:[m[K [01;36m[Knote: [m[Kcandidate: template<class _Tp, int n> const _Tp& cv::Mat::at(const cv::Vec<int, n>&) const
     template<typename _Tp, int n> const _Tp& at(const Vec<int, n>& idx) const;
[01;32m[K                                              ^[m[K
[01m[K/opt/ros/kinetic/include/opencv-3.3.1/opencv2/core/mat.hpp:1922:46:[m[K [01;36m[Knote: [m[K  template argument deduction/substitution failed:
[01m[K/opt/ros/kinetic/include/opencv-3.3.1/opencv2/core/mat.hpp:1928:33:[m[K [01;36m[Knote: [m[Kcandidate: template<class _Tp> _Tp& cv::Mat::at(cv::Point)
     template<typename _Tp> _Tp& at(Point pt);
[01;32m[K                                 ^[m[K
[01m[K/opt/ros/kinetic/include/opencv-3.3.1/opencv2/core/mat.hpp:1928:33:[m[K [01;36m[Knote: [m[K  template argument deduction/substitution failed:
[01m[K/opt/ros/kinetic/include/opencv-3.3.1/opencv2/core/mat.hpp:1933:39:[m[K [01;36m[Knote: [m[Kcandidate: template<class _Tp> const _Tp& cv::Mat::at(cv::Point) const
     template<typename _Tp> const _Tp& at(Point pt) const;
[01;32m[K                                       ^[m[K
[01m[K/opt/ros/kinetic/include/opencv-3.3.1/opencv2/core/mat.hpp:1933:39:[m[K [01;36m[Knote: [m[K  template argument deduction/substitution failed:
make[2]: *** [CMakeFiles/my_subscriber.dir/my_subscriber.cpp.o] Error 1
make[1]: *** [CMakeFiles/my_subscriber.dir/all] Error 2
make: *** [all] Error 2
