[01m[K/home/mohammadreza/Documents/CMU-Project/RED/catkin_ws/src/subscriber/my_subscriber.cpp:[m[K In function â€˜[01m[Kvoid imageCallback(const ImageConstPtr&)[m[Kâ€™:
[01m[K/home/mohammadreza/Documents/CMU-Project/RED/catkin_ws/src/subscriber/my_subscriber.cpp:18:27:[m[K [01;31m[Kerror: [m[Kâ€˜[01m[Kmean[m[Kâ€™ was not declared in this scope
     std::cout<<"mean = "<<mean<<"\n";
[01;32m[K                           ^[m[K
[01m[K/home/mohammadreza/Documents/CMU-Project/RED/catkin_ws/src/subscriber/my_subscriber.cpp:18:27:[m[K [01;36m[Knote: [m[Ksuggested alternative:
In file included from [01m[K/opt/ros/kinetic/include/opencv-3.3.1/opencv2/highgui.hpp:46:0[m[K,
                 from [01m[K/opt/ros/kinetic/include/opencv-3.3.1/opencv2/highgui/highgui.hpp:48[m[K,
                 from [01m[K/home/mohammadreza/Documents/CMU-Project/RED/catkin_ws/src/subscriber/my_subscriber.cpp:3[m[K:
[01m[K/opt/ros/kinetic/include/opencv-3.3.1/opencv2/core.hpp:618:21:[m[K [01;36m[Knote: [m[K  â€˜[01m[Kcv::mean[m[Kâ€™
 CV_EXPORTS_W Scalar mean(InputArray src, InputArray mask = noArray());
[01;32m[K                     ^[m[K
make[2]: *** [CMakeFiles/my_subscriber.dir/my_subscriber.cpp.o] Error 1
make[1]: *** [CMakeFiles/my_subscriber.dir/all] Error 2
make: *** [all] Error 2
