[01m[K/home/mohammadreza/Documents/CMU-Project/RED/catkin_ws/src/pointcloud/pcl_subscriber.cpp:[m[K In function â€˜[01m[Kint main(int, char**)[m[Kâ€™:
[01m[K/home/mohammadreza/Documents/CMU-Project/RED/catkin_ws/src/pointcloud/pcl_subscriber.cpp:30:51:[m[K [01;31m[Kerror: [m[Kâ€˜[01m[Kcloud_cb[m[Kâ€™ was not declared in this scope
   ros::Subscriber sub = nh.subscribe ("input", 1, cloud_cb);
[01;32m[K                                                   ^[m[K
[01m[K/home/mohammadreza/Documents/CMU-Project/RED/catkin_ws/src/pointcloud/pcl_subscriber.cpp:33:22:[m[K [01;31m[Kerror: [m[Kâ€˜[01m[Ksensor_msgs[m[Kâ€™ was not declared in this scope
   pub = nh.advertise<sensor_msgs::PointCloud2> ("output", 1);
[01;32m[K                      ^[m[K
[01m[K/home/mohammadreza/Documents/CMU-Project/RED/catkin_ws/src/pointcloud/pcl_subscriber.cpp:33:12:[m[K [01;31m[Kerror: [m[Kparse error in template argument list
   pub = nh.advertise<sensor_msgs::PointCloud2> ("output", 1);
[01;32m[K            ^[m[K
[01m[K/home/mohammadreza/Documents/CMU-Project/RED/catkin_ws/src/pointcloud/pcl_subscriber.cpp:33:60:[m[K [01;31m[Kerror: [m[Kno matching function for call to â€˜[01m[Kros::NodeHandle::advertise(const char [7], int)[m[Kâ€™
   pub = nh.advertise<sensor_msgs::PointCloud2> ("output", 1);
[01;32m[K                                                            ^[m[K
In file included from [01m[K/opt/ros/kinetic/include/ros/ros.h:45:0[m[K,
                 from [01m[K/home/mohammadreza/Documents/CMU-Project/RED/catkin_ws/src/pointcloud/pcl_subscriber.cpp:1[m[K:
[01m[K/opt/ros/kinetic/include/ros/node_handle.h:249:15:[m[K [01;36m[Knote: [m[Kcandidate: template<class M> ros::Publisher ros::NodeHandle::advertise(const string&, uint32_t, bool)
     Publisher advertise(const std::string& topic, uint32_t queue_size, bool latch = false)
[01;32m[K               ^[m[K
[01m[K/opt/ros/kinetic/include/ros/node_handle.h:249:15:[m[K [01;36m[Knote: [m[K  template argument deduction/substitution failed:
[01m[K/home/mohammadreza/Documents/CMU-Project/RED/catkin_ws/src/pointcloud/pcl_subscriber.cpp:33:60:[m[K [01;31m[Kerror: [m[Ktemplate argument 1 is invalid
   pub = nh.advertise<sensor_msgs::PointCloud2> ("output", 1);
[01;32m[K                                                            ^[m[K
In file included from [01m[K/opt/ros/kinetic/include/ros/ros.h:45:0[m[K,
                 from [01m[K/home/mohammadreza/Documents/CMU-Project/RED/catkin_ws/src/pointcloud/pcl_subscriber.cpp:1[m[K:
[01m[K/opt/ros/kinetic/include/ros/node_handle.h:315:13:[m[K [01;36m[Knote: [m[Kcandidate: template<class M> ros::Publisher ros::NodeHandle::advertise(const string&, uint32_t, const SubscriberStatusCallback&, const SubscriberStatusCallback&, const VoidConstPtr&, bool)
   Publisher advertise(const std::string& topic, uint32_t queue_size,
[01;32m[K             ^[m[K
[01m[K/opt/ros/kinetic/include/ros/node_handle.h:315:13:[m[K [01;36m[Knote: [m[K  template argument deduction/substitution failed:
[01m[K/home/mohammadreza/Documents/CMU-Project/RED/catkin_ws/src/pointcloud/pcl_subscriber.cpp:33:60:[m[K [01;31m[Kerror: [m[Ktemplate argument 1 is invalid
   pub = nh.advertise<sensor_msgs::PointCloud2> ("output", 1);
[01;32m[K                                                            ^[m[K
make[2]: *** [CMakeFiles/pcl_subscriber.dir/pcl_subscriber.cpp.o] Error 1
make[1]: *** [CMakeFiles/pcl_subscriber.dir/all] Error 2
make: *** [all] Error 2
